Started at Mon Sep 13 12:21:21 UTC 2021
Finished at Mon Sep 13 12:21:21 UTC 2021. 1ms
Started at Mon Sep 13 13:21:21 UTC 2021
Finished at Mon Sep 13 13:21:21 UTC 2021. 1ms
Started at Mon Sep 13 14:21:21 UTC 2021
Finished at Mon Sep 13 14:21:21 UTC 2021. 1ms
Started at Mon Sep 13 15:21:21 UTC 2021
Finished at Mon Sep 13 15:21:21 UTC 2021. 1ms
Started at Mon Sep 13 16:21:21 UTC 2021
Finished at Mon Sep 13 16:21:21 UTC 2021. 1ms
Started at Mon Sep 13 17:21:21 UTC 2021
Finished at Mon Sep 13 17:21:21 UTC 2021. 2ms
Started at Mon Sep 13 18:21:21 UTC 2021
Finished at Mon Sep 13 18:21:21 UTC 2021. 1ms
Started at Mon Sep 13 19:21:21 UTC 2021
Finished at Mon Sep 13 19:21:21 UTC 2021. 1ms
Started at Mon Sep 13 20:21:21 UTC 2021
Finished at Mon Sep 13 20:21:21 UTC 2021. 1ms
Started at Mon Sep 13 21:21:21 UTC 2021
Finished at Mon Sep 13 21:21:21 UTC 2021. 1ms
Started at Mon Sep 13 22:21:21 UTC 2021
Processing Test Job
Offering Test Job to Project Build Discarder
Finished at Mon Sep 13 22:21:21 UTC 2021. 1ms
Started at Mon Sep 13 23:21:21 UTC 2021
Processing Test Job
Offering Test Job to Project Build Discarder
Finished at Mon Sep 13 23:21:21 UTC 2021. 1ms
Started at Tue Sep 14 00:21:21 UTC 2021
Processing Test Job
Offering Test Job to Project Build Discarder
Finished at Tue Sep 14 00:21:21 UTC 2021. 1ms
Started at Tue Sep 14 01:21:21 UTC 2021
Processing Test Job
Offering Test Job to Project Build Discarder
Finished at Tue Sep 14 01:21:21 UTC 2021. 2ms
Started at Tue Sep 14 02:21:21 UTC 2021
Processing Test Job
Offering Test Job to Project Build Discarder
Finished at Tue Sep 14 02:21:21 UTC 2021. 1ms
Started at Tue Sep 14 03:21:21 UTC 2021
Processing Test Job
Offering Test Job to Project Build Discarder
Finished at Tue Sep 14 03:21:21 UTC 2021. 1ms
Started at Tue Sep 14 04:21:21 UTC 2021
Processing Test Job
Offering Test Job to Project Build Discarder
Finished at Tue Sep 14 04:21:21 UTC 2021. 1ms
Started at Tue Sep 14 05:21:21 UTC 2021
Processing Test Job
Offering Test Job to Project Build Discarder
Finished at Tue Sep 14 05:21:21 UTC 2021. 1ms
Started at Tue Sep 14 06:21:21 UTC 2021
Processing Test Job
Offering Test Job to Project Build Discarder
Finished at Tue Sep 14 06:21:21 UTC 2021. 0ms
Started at Tue Sep 14 07:21:21 UTC 2021
Processing Test Job
Offering Test Job to Project Build Discarder
Finished at Tue Sep 14 07:21:21 UTC 2021. 0ms
Started at Tue Sep 14 08:21:21 UTC 2021
Processing Test Job
Offering Test Job to Project Build Discarder
Finished at Tue Sep 14 08:21:21 UTC 2021. 1ms
